27-02-2024 07:19:14 AM - CITIES TABLE    - DEBUG     - START: TABLE CREATION
27-02-2024 07:19:14 AM - DATABASE        - INFO      - RECIVED QUERRY: CREATE TABLE IF NOT EXISTS cities (id INT AUTO_INCREMENT PRIMARY KEY,name VARCHAR(255),state_id INT,state_code VARCHAR(10),state_name VARCHAR(255),country_name VARCHAR(255),created_at TIMESTAMP DEFAULT CURRENT_TIMESTAMP,created_by VARCHAR(255)) 
27-02-2024 07:19:14 AM - DATABASE        - DEBUG     - EXECUTING RECIVED QUERRY
27-02-2024 07:19:14 AM - DATABASE        - INFO      - EXECUTION SUCCESS
27-02-2024 07:19:14 AM - DATABASE        - DEBUG     - INITITATE COMMIT
27-02-2024 07:19:14 AM - DATABASE        - INFO      - SUCCESS COMMIT: CREATE TABLE IF NOT EXISTS cities (id INT AUTO_INCREMENT PRIMARY KEY,name VARCHAR(255),state_id INT,state_code VARCHAR(10),state_name VARCHAR(255),country_name VARCHAR(255),created_at TIMESTAMP DEFAULT CURRENT_TIMESTAMP,created_by VARCHAR(255))
27-02-2024 07:19:14 AM - CITIES TABLE    - DEBUG     - END: TABLE CREATION
27-02-2024 07:19:14 AM - PROJECT TABLE   - DEBUG     - START: TABLE CREATION
27-02-2024 07:19:14 AM - DATABASE        - INFO      - RECIVED QUERRY: CREATE TABLE IF NOT EXISTS project ( project_id INT AUTO_INCREMENT PRIMARY KEY, project_name VARCHAR(255), location VARCHAR(255), budget VARCHAR(50), StartDate DATE, EndDate DATE, project_duration INT, created_at TIMESTAMP DEFAULT CURRENT_TIMESTAMP, updated_at TIMESTAMP DEFAULT CURRENT_TIMESTAMP ON UPDATE CURRENT_TIMESTAMP, created_by VARCHAR(255)) 
27-02-2024 07:19:14 AM - DATABASE        - DEBUG     - EXECUTING RECIVED QUERRY
27-02-2024 07:19:14 AM - DATABASE        - INFO      - EXECUTION SUCCESS
27-02-2024 07:19:14 AM - DATABASE        - DEBUG     - INITITATE COMMIT
27-02-2024 07:19:14 AM - DATABASE        - INFO      - SUCCESS COMMIT: CREATE TABLE IF NOT EXISTS project ( project_id INT AUTO_INCREMENT PRIMARY KEY, project_name VARCHAR(255), location VARCHAR(255), budget VARCHAR(50), StartDate DATE, EndDate DATE, project_duration INT, created_at TIMESTAMP DEFAULT CURRENT_TIMESTAMP, updated_at TIMESTAMP DEFAULT CURRENT_TIMESTAMP ON UPDATE CURRENT_TIMESTAMP, created_by VARCHAR(255))
27-02-2024 07:19:14 AM - PROJECT TABLE   - DEBUG     - END: TABLE CREATION
27-02-2024 07:19:14 AM - EMPLOYEE TABLE  - DEBUG     - START: TABLE CREATION
27-02-2024 07:19:14 AM - DATABASE        - INFO      - RECIVED QUERRY: CREATE TABLE IF NOT EXISTS employee ( id INT AUTO_INCREMENT PRIMARY KEY, FirstName VARCHAR(255), LastName VARCHAR(255), FullName VARCHAR(510), Email VARCHAR(255), Salary DECIMAL(10, 2), created_at TIMESTAMP DEFAULT CURRENT_TIMESTAMP, updated_at TIMESTAMP DEFAULT CURRENT_TIMESTAMP ON UPDATE CURRENT_TIMESTAMP, created_by VARCHAR(255)) 
27-02-2024 07:19:14 AM - DATABASE        - DEBUG     - EXECUTING RECIVED QUERRY
27-02-2024 07:19:14 AM - DATABASE        - INFO      - EXECUTION SUCCESS
27-02-2024 07:19:14 AM - DATABASE        - DEBUG     - INITITATE COMMIT
27-02-2024 07:19:14 AM - DATABASE        - INFO      - SUCCESS COMMIT: CREATE TABLE IF NOT EXISTS employee ( id INT AUTO_INCREMENT PRIMARY KEY, FirstName VARCHAR(255), LastName VARCHAR(255), FullName VARCHAR(510), Email VARCHAR(255), Salary DECIMAL(10, 2), created_at TIMESTAMP DEFAULT CURRENT_TIMESTAMP, updated_at TIMESTAMP DEFAULT CURRENT_TIMESTAMP ON UPDATE CURRENT_TIMESTAMP, created_by VARCHAR(255))
27-02-2024 07:19:14 AM - EMPLOYEE TABLE  - DEBUG     - END: TABLE CREATION
27-02-2024 07:19:14 AM - Ingestion       - DEBUG     - handle_cities_table: START
27-02-2024 07:19:14 AM - CITIES TABLE    - DEBUG     - START: FIND LAST ID
27-02-2024 07:19:14 AM - DATABASE        - DEBUG     - RECIVED: FETCH QUERY SELECT max(id) from cities
27-02-2024 07:19:14 AM - DATABASE        - INFO      - FETCHING SUCCESS
27-02-2024 07:19:14 AM - CITIES TABLE    - DEBUG     - END: FIND LAST ID
27-02-2024 07:19:14 AM - CITIES TABLE    - DEBUG     - START: FIND LAST ID
27-02-2024 07:19:14 AM - DATABASE        - DEBUG     - RECIVED: FETCH QUERY SELECT max(id) from cities
27-02-2024 07:19:14 AM - DATABASE        - INFO      - FETCHING SUCCESS
27-02-2024 07:19:14 AM - CITIES TABLE    - DEBUG     - END: FIND LAST ID
27-02-2024 07:19:14 AM - Ingestion       - INFO      - 109274 ROWS FOUND ON CITY TABLE.
27-02-2024 07:19:14 AM - Ingestion       - INFO      - PROVIDED URL IS PRIVIOUSLY USED FOR INSERTING DATA.
27-02-2024 07:19:14 AM - Ingestion       - INFO      - SKIPPING DATA ISNERTING ON CITY.
27-02-2024 07:19:14 AM - EMPLOYEE TABLE  - DEBUG     - START: TRUNCATE
27-02-2024 07:19:14 AM - DATABASE        - INFO      - RECIVED QUERRY: TRUNCATE TABLE employee 
27-02-2024 07:19:14 AM - DATABASE        - DEBUG     - EXECUTING RECIVED QUERRY
27-02-2024 07:19:14 AM - DATABASE        - INFO      - EXECUTION SUCCESS
27-02-2024 07:19:14 AM - DATABASE        - DEBUG     - INITITATE COMMIT
27-02-2024 07:19:14 AM - DATABASE        - INFO      - SUCCESS COMMIT: TRUNCATE TABLE employee
27-02-2024 07:19:14 AM - EMPLOYEE TABLE  - INFO      - employee is TRUNCATED
27-02-2024 07:19:14 AM - EMPLOYEE TABLE  - DEBUG     - END: TRUNCATE
27-02-2024 07:19:14 AM - Ingestion       - DEBUG     - CSV FILE LOADED
27-02-2024 07:19:14 AM - EMPLOYEE TABLE  - DEBUG     - START: INSERTING DATA
27-02-2024 07:19:14 AM - DATABASE        - DEBUG     - INSERT MANY: START
27-02-2024 07:19:14 AM - DATABASE        - INFO      - INSERT MANY: INSERTION SUCCESS
27-02-2024 07:19:14 AM - DATABASE        - DEBUG     - INSERT MANY: END
27-02-2024 07:19:14 AM - EMPLOYEE TABLE  - DEBUG     - END: INSERTING DATA
27-02-2024 07:19:14 AM - EMPLOYEE TABLE  - DEBUG     - START: FIND LAST ID
27-02-2024 07:19:14 AM - DATABASE        - DEBUG     - RECIVED: FETCH QUERY SELECT max(id) from employee
27-02-2024 07:19:14 AM - DATABASE        - INFO      - FETCHING SUCCESS
27-02-2024 07:19:14 AM - EMPLOYEE TABLE  - DEBUG     - END: FIND LAST ID
27-02-2024 07:19:14 AM - Ingestion       - INFO      - 1000 ROWS INSERTED IN EMPLOYEE TABLE.
27-02-2024 07:19:14 AM - PROJECT TABLE   - DEBUG     - START: TRUNCATE
27-02-2024 07:19:14 AM - DATABASE        - INFO      - RECIVED QUERRY: TRUNCATE TABLE project 
27-02-2024 07:19:14 AM - DATABASE        - DEBUG     - EXECUTING RECIVED QUERRY
27-02-2024 07:19:14 AM - DATABASE        - INFO      - EXECUTION SUCCESS
27-02-2024 07:19:14 AM - DATABASE        - DEBUG     - INITITATE COMMIT
27-02-2024 07:19:14 AM - DATABASE        - INFO      - SUCCESS COMMIT: TRUNCATE TABLE project
27-02-2024 07:19:14 AM - PROJECT TABLE   - INFO      - project is TRUNCATED
27-02-2024 07:19:14 AM - PROJECT TABLE   - DEBUG     - END: TRUNCATE
27-02-2024 07:19:14 AM - Ingestion       - INFO      - OUTPUT FOLDER HAS BEEN CLEARED
27-02-2024 07:19:14 AM - FILE HANDLING   - DEBUG     - CREATE FOLDER: START
27-02-2024 07:19:14 AM - FILE HANDLING   - DEBUG     - RECIVED output
27-02-2024 07:19:14 AM - FILE HANDLING   - WARNING   - FACING ISSUE TO CREATE DIR.
27-02-2024 07:19:14 AM - FILE HANDLING   - ERROR     - [WinError 183] Cannot create a file when that file already exists: 'output'
27-02-2024 07:19:14 AM - FILE HANDLING   - DEBUG     - CREATE FOLDER: END
27-02-2024 07:19:14 AM - CITIES TABLE    - DEBUG     - START: FIND LAST ID
27-02-2024 07:19:14 AM - DATABASE        - DEBUG     - RECIVED: FETCH QUERY SELECT max(id) from cities
27-02-2024 07:19:14 AM - DATABASE        - INFO      - FETCHING SUCCESS
27-02-2024 07:19:14 AM - CITIES TABLE    - DEBUG     - END: FIND LAST ID
27-02-2024 07:19:14 AM - CITIES TABLE    - DEBUG     - START: FETCHING DATA
27-02-2024 07:19:14 AM - DATABASE        - DEBUG     - RECIVED: FETCH QUERY SELECT * from cities WHERE id = 79570
27-02-2024 07:19:14 AM - DATABASE        - INFO      - FETCHING SUCCESS
27-02-2024 07:19:14 AM - CITIES TABLE    - DEBUG     - END: FETCHING DATA
27-02-2024 07:19:14 AM - PROJECT TABLE   - DEBUG     - START: INSERTING DATA
27-02-2024 07:19:14 AM - DATABASE        - INFO      - RECIVED QUERRY: INSERT INTO project (project_name, location, budget, StartDate, EndDate, project_duration, created_by) VALUES ("home","Teldeniya, Kandy District, Sri Lanka-2788", "1286765", STR_TO_DATE("27-02-2705", "%d-%m-%Y"), STR_TO_DATE("27-02-2876", "%d-%m-%Y"), 171, "Kinjal") 
27-02-2024 07:19:14 AM - DATABASE        - DEBUG     - EXECUTING RECIVED QUERRY
27-02-2024 07:19:14 AM - DATABASE        - INFO      - EXECUTION SUCCESS
27-02-2024 07:19:14 AM - DATABASE        - DEBUG     - INITITATE COMMIT
27-02-2024 07:19:14 AM - DATABASE        - INFO      - SUCCESS COMMIT: INSERT INTO project (project_name, location, budget, StartDate, EndDate, project_duration, created_by) VALUES ("home","Teldeniya, Kandy District, Sri Lanka-2788", "1286765", STR_TO_DATE("27-02-2705", "%d-%m-%Y"), STR_TO_DATE("27-02-2876", "%d-%m-%Y"), 171, "Kinjal")
27-02-2024 07:19:14 AM - PROJECT TABLE   - DEBUG     - END: INSERTING DATA
27-02-2024 07:19:14 AM - PROJECT TABLE   - DEBUG     - START: FIND LAST ID
27-02-2024 07:19:14 AM - DATABASE        - DEBUG     - RECIVED: FETCH QUERY SELECT max(project_id) from project
27-02-2024 07:19:14 AM - DATABASE        - INFO      - FETCHING SUCCESS
27-02-2024 07:19:14 AM - PROJECT TABLE   - DEBUG     - END: FIND LAST ID
27-02-2024 07:19:14 AM - PROJECT TABLE   - DEBUG     - START: FIND LAST ID
27-02-2024 07:19:14 AM - DATABASE        - DEBUG     - RECIVED: FETCH QUERY SELECT max(project_id) from project
27-02-2024 07:19:14 AM - DATABASE        - INFO      - FETCHING SUCCESS
27-02-2024 07:19:14 AM - PROJECT TABLE   - DEBUG     - END: FIND LAST ID
27-02-2024 07:19:14 AM - Ingestion       - INFO      - INSERTING DATA TO PROJECT. LAST RECORD INSERTED ID = 1.
27-02-2024 07:19:14 AM - Ingestion       - INFO      - SLEEPING FOR 2 SECONDS.
27-02-2024 07:19:16 AM - CITIES TABLE    - DEBUG     - START: FIND LAST ID
27-02-2024 07:19:16 AM - DATABASE        - DEBUG     - RECIVED: FETCH QUERY SELECT max(id) from cities
27-02-2024 07:19:16 AM - DATABASE        - INFO      - FETCHING SUCCESS
27-02-2024 07:19:16 AM - CITIES TABLE    - DEBUG     - END: FIND LAST ID
27-02-2024 07:19:16 AM - CITIES TABLE    - DEBUG     - START: FETCHING DATA
27-02-2024 07:19:16 AM - DATABASE        - DEBUG     - RECIVED: FETCH QUERY SELECT * from cities WHERE id = 66325
27-02-2024 07:19:16 AM - DATABASE        - INFO      - FETCHING SUCCESS
27-02-2024 07:19:16 AM - CITIES TABLE    - DEBUG     - END: FETCHING DATA
27-02-2024 07:19:16 AM - PROJECT TABLE   - DEBUG     - START: INSERTING DATA
27-02-2024 07:19:16 AM - DATABASE        - INFO      - RECIVED QUERRY: INSERT INTO project (project_name, location, budget, StartDate, EndDate, project_duration, created_by) VALUES ("Infra 2","Dobrotinet, Olt County, Romania-4738", "1529642", STR_TO_DATE("27-02-2556", "%d-%m-%Y"), STR_TO_DATE("27-02-2590", "%d-%m-%Y"), 34, "Kinjal") 
27-02-2024 07:19:16 AM - DATABASE        - DEBUG     - EXECUTING RECIVED QUERRY
27-02-2024 07:19:16 AM - DATABASE        - INFO      - EXECUTION SUCCESS
27-02-2024 07:19:16 AM - DATABASE        - DEBUG     - INITITATE COMMIT
27-02-2024 07:19:16 AM - DATABASE        - INFO      - SUCCESS COMMIT: INSERT INTO project (project_name, location, budget, StartDate, EndDate, project_duration, created_by) VALUES ("Infra 2","Dobrotinet, Olt County, Romania-4738", "1529642", STR_TO_DATE("27-02-2556", "%d-%m-%Y"), STR_TO_DATE("27-02-2590", "%d-%m-%Y"), 34, "Kinjal")
27-02-2024 07:19:16 AM - PROJECT TABLE   - DEBUG     - END: INSERTING DATA
27-02-2024 07:19:16 AM - PROJECT TABLE   - DEBUG     - START: FIND LAST ID
27-02-2024 07:19:16 AM - DATABASE        - DEBUG     - RECIVED: FETCH QUERY SELECT max(project_id) from project
27-02-2024 07:19:16 AM - DATABASE        - INFO      - FETCHING SUCCESS
27-02-2024 07:19:16 AM - PROJECT TABLE   - DEBUG     - END: FIND LAST ID
27-02-2024 07:19:16 AM - PROJECT TABLE   - DEBUG     - START: FIND LAST ID
27-02-2024 07:19:16 AM - DATABASE        - DEBUG     - RECIVED: FETCH QUERY SELECT max(project_id) from project
27-02-2024 07:19:16 AM - DATABASE        - INFO      - FETCHING SUCCESS
27-02-2024 07:19:16 AM - PROJECT TABLE   - DEBUG     - END: FIND LAST ID
27-02-2024 07:19:16 AM - Ingestion       - INFO      - INSERTING DATA TO PROJECT. LAST RECORD INSERTED ID = 2.
27-02-2024 07:19:16 AM - Ingestion       - INFO      - SLEEPING FOR 2 SECONDS.
27-02-2024 07:19:18 AM - CITIES TABLE    - DEBUG     - START: FIND LAST ID
27-02-2024 07:19:18 AM - DATABASE        - DEBUG     - RECIVED: FETCH QUERY SELECT max(id) from cities
27-02-2024 07:19:18 AM - DATABASE        - INFO      - FETCHING SUCCESS
27-02-2024 07:19:18 AM - CITIES TABLE    - DEBUG     - END: FIND LAST ID
27-02-2024 07:19:18 AM - CITIES TABLE    - DEBUG     - START: FETCHING DATA
27-02-2024 07:19:18 AM - DATABASE        - DEBUG     - RECIVED: FETCH QUERY SELECT * from cities WHERE id = 3832
27-02-2024 07:19:18 AM - DATABASE        - INFO      - FETCHING SUCCESS
27-02-2024 07:19:18 AM - CITIES TABLE    - DEBUG     - END: FETCHING DATA
27-02-2024 07:19:18 AM - PROJECT TABLE   - DEBUG     - START: INSERTING DATA
27-02-2024 07:19:18 AM - DATABASE        - INFO      - RECIVED QUERRY: INSERT INTO project (project_name, location, budget, StartDate, EndDate, project_duration, created_by) VALUES ("building","Southern Midlands, Tasmania, Australia-3908", "1431677", STR_TO_DATE("27-02-2347", "%d-%m-%Y"), STR_TO_DATE("27-02-2382", "%d-%m-%Y"), 35, "Kinjal") 
27-02-2024 07:19:18 AM - DATABASE        - DEBUG     - EXECUTING RECIVED QUERRY
27-02-2024 07:19:18 AM - DATABASE        - INFO      - EXECUTION SUCCESS
27-02-2024 07:19:18 AM - DATABASE        - DEBUG     - INITITATE COMMIT
27-02-2024 07:19:18 AM - DATABASE        - INFO      - SUCCESS COMMIT: INSERT INTO project (project_name, location, budget, StartDate, EndDate, project_duration, created_by) VALUES ("building","Southern Midlands, Tasmania, Australia-3908", "1431677", STR_TO_DATE("27-02-2347", "%d-%m-%Y"), STR_TO_DATE("27-02-2382", "%d-%m-%Y"), 35, "Kinjal")
27-02-2024 07:19:18 AM - PROJECT TABLE   - DEBUG     - END: INSERTING DATA
27-02-2024 07:19:18 AM - PROJECT TABLE   - DEBUG     - START: FIND LAST ID
27-02-2024 07:19:18 AM - DATABASE        - DEBUG     - RECIVED: FETCH QUERY SELECT max(project_id) from project
27-02-2024 07:19:18 AM - DATABASE        - INFO      - FETCHING SUCCESS
27-02-2024 07:19:18 AM - PROJECT TABLE   - DEBUG     - END: FIND LAST ID
27-02-2024 07:19:18 AM - PROJECT TABLE   - DEBUG     - START: FIND LAST ID
27-02-2024 07:19:18 AM - DATABASE        - DEBUG     - RECIVED: FETCH QUERY SELECT max(project_id) from project
27-02-2024 07:19:18 AM - DATABASE        - INFO      - FETCHING SUCCESS
27-02-2024 07:19:18 AM - PROJECT TABLE   - DEBUG     - END: FIND LAST ID
27-02-2024 07:19:18 AM - Ingestion       - INFO      - INSERTING DATA TO PROJECT. LAST RECORD INSERTED ID = 3.
27-02-2024 07:19:18 AM - Ingestion       - INFO      - SLEEPING FOR 2 SECONDS.
27-02-2024 07:19:20 AM - CITIES TABLE    - DEBUG     - START: FIND LAST ID
27-02-2024 07:19:20 AM - DATABASE        - DEBUG     - RECIVED: FETCH QUERY SELECT max(id) from cities
27-02-2024 07:19:20 AM - DATABASE        - INFO      - FETCHING SUCCESS
27-02-2024 07:19:20 AM - CITIES TABLE    - DEBUG     - END: FIND LAST ID
27-02-2024 07:19:20 AM - CITIES TABLE    - DEBUG     - START: FETCHING DATA
27-02-2024 07:19:20 AM - DATABASE        - DEBUG     - RECIVED: FETCH QUERY SELECT * from cities WHERE id = 97198
27-02-2024 07:19:20 AM - DATABASE        - INFO      - FETCHING SUCCESS
27-02-2024 07:19:20 AM - CITIES TABLE    - DEBUG     - END: FETCHING DATA
27-02-2024 07:19:20 AM - PROJECT TABLE   - DEBUG     - START: INSERTING DATA
27-02-2024 07:19:20 AM - DATABASE        - INFO      - RECIVED QUERRY: INSERT INTO project (project_name, location, budget, StartDate, EndDate, project_duration, created_by) VALUES ("building","Saginaw County, Michigan, United States-1426", "1256892", STR_TO_DATE("27-02-2472", "%d-%m-%Y"), STR_TO_DATE("27-02-2613", "%d-%m-%Y"), 141, "Kinjal") 
27-02-2024 07:19:20 AM - DATABASE        - DEBUG     - EXECUTING RECIVED QUERRY
27-02-2024 07:19:20 AM - DATABASE        - INFO      - EXECUTION SUCCESS
27-02-2024 07:19:20 AM - DATABASE        - DEBUG     - INITITATE COMMIT
27-02-2024 07:19:20 AM - DATABASE        - INFO      - SUCCESS COMMIT: INSERT INTO project (project_name, location, budget, StartDate, EndDate, project_duration, created_by) VALUES ("building","Saginaw County, Michigan, United States-1426", "1256892", STR_TO_DATE("27-02-2472", "%d-%m-%Y"), STR_TO_DATE("27-02-2613", "%d-%m-%Y"), 141, "Kinjal")
27-02-2024 07:19:20 AM - PROJECT TABLE   - DEBUG     - END: INSERTING DATA
27-02-2024 07:19:20 AM - PROJECT TABLE   - DEBUG     - START: FIND LAST ID
27-02-2024 07:19:20 AM - DATABASE        - DEBUG     - RECIVED: FETCH QUERY SELECT max(project_id) from project
27-02-2024 07:19:20 AM - DATABASE        - INFO      - FETCHING SUCCESS
27-02-2024 07:19:20 AM - PROJECT TABLE   - DEBUG     - END: FIND LAST ID
27-02-2024 07:19:20 AM - PROJECT TABLE   - DEBUG     - START: FIND LAST ID
27-02-2024 07:19:20 AM - DATABASE        - DEBUG     - RECIVED: FETCH QUERY SELECT max(project_id) from project
27-02-2024 07:19:20 AM - DATABASE        - INFO      - FETCHING SUCCESS
27-02-2024 07:19:20 AM - PROJECT TABLE   - DEBUG     - END: FIND LAST ID
27-02-2024 07:19:20 AM - Ingestion       - INFO      - INSERTING DATA TO PROJECT. LAST RECORD INSERTED ID = 4.
27-02-2024 07:19:20 AM - Ingestion       - INFO      - SLEEPING FOR 2 SECONDS.
27-02-2024 07:19:22 AM - CITIES TABLE    - DEBUG     - START: FIND LAST ID
27-02-2024 07:19:22 AM - DATABASE        - DEBUG     - RECIVED: FETCH QUERY SELECT max(id) from cities
27-02-2024 07:19:22 AM - DATABASE        - INFO      - FETCHING SUCCESS
27-02-2024 07:19:22 AM - CITIES TABLE    - DEBUG     - END: FIND LAST ID
27-02-2024 07:19:22 AM - CITIES TABLE    - DEBUG     - START: FETCHING DATA
27-02-2024 07:19:22 AM - DATABASE        - DEBUG     - RECIVED: FETCH QUERY SELECT * from cities WHERE id = 50127
27-02-2024 07:19:22 AM - DATABASE        - INFO      - FETCHING SUCCESS
27-02-2024 07:19:22 AM - CITIES TABLE    - DEBUG     - END: FETCHING DATA
27-02-2024 07:19:22 AM - PROJECT TABLE   - DEBUG     - START: INSERTING DATA
27-02-2024 07:19:22 AM - DATABASE        - INFO      - RECIVED QUERRY: INSERT INTO project (project_name, location, budget, StartDate, EndDate, project_duration, created_by) VALUES ("Infra 1","Santa Rosa Caxtlahuaca, Oaxaca, Mexico-3448", "1315867", STR_TO_DATE("27-02-2489", "%d-%m-%Y"), STR_TO_DATE("27-02-2685", "%d-%m-%Y"), 196, "Kinjal") 
27-02-2024 07:19:22 AM - DATABASE        - DEBUG     - EXECUTING RECIVED QUERRY
27-02-2024 07:19:22 AM - DATABASE        - INFO      - EXECUTION SUCCESS
27-02-2024 07:19:22 AM - DATABASE        - DEBUG     - INITITATE COMMIT
27-02-2024 07:19:22 AM - DATABASE        - INFO      - SUCCESS COMMIT: INSERT INTO project (project_name, location, budget, StartDate, EndDate, project_duration, created_by) VALUES ("Infra 1","Santa Rosa Caxtlahuaca, Oaxaca, Mexico-3448", "1315867", STR_TO_DATE("27-02-2489", "%d-%m-%Y"), STR_TO_DATE("27-02-2685", "%d-%m-%Y"), 196, "Kinjal")
27-02-2024 07:19:22 AM - PROJECT TABLE   - DEBUG     - END: INSERTING DATA
27-02-2024 07:19:22 AM - PROJECT TABLE   - DEBUG     - START: FIND LAST ID
27-02-2024 07:19:22 AM - DATABASE        - DEBUG     - RECIVED: FETCH QUERY SELECT max(project_id) from project
27-02-2024 07:19:23 AM - DATABASE        - INFO      - FETCHING SUCCESS
27-02-2024 07:19:23 AM - PROJECT TABLE   - DEBUG     - END: FIND LAST ID
27-02-2024 07:19:23 AM - PROJECT TABLE   - DEBUG     - START: FIND LAST ID
27-02-2024 07:19:23 AM - DATABASE        - DEBUG     - RECIVED: FETCH QUERY SELECT max(project_id) from project
27-02-2024 07:19:23 AM - DATABASE        - INFO      - FETCHING SUCCESS
27-02-2024 07:19:23 AM - PROJECT TABLE   - DEBUG     - END: FIND LAST ID
27-02-2024 07:19:23 AM - Ingestion       - INFO      - INSERTING DATA TO PROJECT. LAST RECORD INSERTED ID = 5.
27-02-2024 07:19:23 AM - Ingestion       - INFO      - SLEEPING FOR 2 SECONDS.
27-02-2024 07:19:25 AM - CITIES TABLE    - DEBUG     - START: FIND LAST ID
27-02-2024 07:19:25 AM - DATABASE        - DEBUG     - RECIVED: FETCH QUERY SELECT max(id) from cities
27-02-2024 07:19:25 AM - DATABASE        - INFO      - FETCHING SUCCESS
27-02-2024 07:19:25 AM - CITIES TABLE    - DEBUG     - END: FIND LAST ID
27-02-2024 07:19:25 AM - CITIES TABLE    - DEBUG     - START: FETCHING DATA
27-02-2024 07:19:25 AM - DATABASE        - DEBUG     - RECIVED: FETCH QUERY SELECT * from cities WHERE id = 35107
27-02-2024 07:19:25 AM - DATABASE        - INFO      - FETCHING SUCCESS
27-02-2024 07:19:25 AM - CITIES TABLE    - DEBUG     - END: FETCHING DATA
27-02-2024 07:19:25 AM - PROJECT TABLE   - DEBUG     - START: INSERTING DATA
27-02-2024 07:19:25 AM - DATABASE        - INFO      - RECIVED QUERRY: INSERT INTO project (project_name, location, budget, StartDate, EndDate, project_duration, created_by) VALUES ("home","Marsico Nuovo, Basilicata, Italy-1706", "1549121", STR_TO_DATE("27-02-2295", "%d-%m-%Y"), STR_TO_DATE("27-02-2967", "%d-%m-%Y"), 672, "Kinjal") 
27-02-2024 07:19:25 AM - DATABASE        - DEBUG     - EXECUTING RECIVED QUERRY
27-02-2024 07:19:25 AM - DATABASE        - INFO      - EXECUTION SUCCESS
27-02-2024 07:19:25 AM - DATABASE        - DEBUG     - INITITATE COMMIT
27-02-2024 07:19:25 AM - DATABASE        - INFO      - SUCCESS COMMIT: INSERT INTO project (project_name, location, budget, StartDate, EndDate, project_duration, created_by) VALUES ("home","Marsico Nuovo, Basilicata, Italy-1706", "1549121", STR_TO_DATE("27-02-2295", "%d-%m-%Y"), STR_TO_DATE("27-02-2967", "%d-%m-%Y"), 672, "Kinjal")
27-02-2024 07:19:25 AM - PROJECT TABLE   - DEBUG     - END: INSERTING DATA
27-02-2024 07:19:25 AM - PROJECT TABLE   - DEBUG     - START: FIND LAST ID
27-02-2024 07:19:25 AM - DATABASE        - DEBUG     - RECIVED: FETCH QUERY SELECT max(project_id) from project
27-02-2024 07:19:25 AM - DATABASE        - INFO      - FETCHING SUCCESS
27-02-2024 07:19:25 AM - PROJECT TABLE   - DEBUG     - END: FIND LAST ID
27-02-2024 07:19:25 AM - PROJECT TABLE   - DEBUG     - START: FIND LAST ID
27-02-2024 07:19:25 AM - DATABASE        - DEBUG     - RECIVED: FETCH QUERY SELECT max(project_id) from project
27-02-2024 07:19:25 AM - DATABASE        - INFO      - FETCHING SUCCESS
27-02-2024 07:19:25 AM - PROJECT TABLE   - DEBUG     - END: FIND LAST ID
27-02-2024 07:19:25 AM - Ingestion       - INFO      - INSERTING DATA TO PROJECT. LAST RECORD INSERTED ID = 6.
27-02-2024 07:19:25 AM - Ingestion       - INFO      - SLEEPING FOR 2 SECONDS.
27-02-2024 07:19:26 AM - Ingestion       - INFO      - PROGRAM TERMINETED BY USER
27-02-2024 07:19:26 AM - PROJECT TABLE   - DEBUG     - START: FIND LAST ID
27-02-2024 07:19:26 AM - DATABASE        - DEBUG     - RECIVED: FETCH QUERY SELECT max(project_id) from project
27-02-2024 07:19:27 AM - DATABASE        - INFO      - FETCHING SUCCESS
27-02-2024 07:19:27 AM - PROJECT TABLE   - DEBUG     - END: FIND LAST ID
27-02-2024 07:19:27 AM - Ingestion       - INFO      - 6 RECORDS ARE INSERTED.
27-02-2024 07:19:27 AM - DATABASE        - DEBUG     - START: CLOSE CONNECTION
27-02-2024 07:19:27 AM - DATABASE        - INFO      - CURSOR CLOSE SUCCESS
27-02-2024 07:19:27 AM - DATABASE        - INFO      - DATABASE CONNECTION CLOSED
27-02-2024 07:19:27 AM - DATABASE        - DEBUG     - END: CLOSE CONNECTION
